<?xml version="1.0" encoding="UTF-8"?>
<!-- Generated by org.testng.reporters.JUnitReportReporter -->
<testsuite skipped="0" hostname="roshani-ThinkPad-L14-Gen-2" name="testpackage.TestVPN_top10domain2" tests="1" failures="0" timestamp="2022-04-21T16:40:16 IST" time="35.016" errors="0">
  <testcase name="vpnInit" time="35.016" classname="testpackage.TestVPN_top10domain2"/>
  <system-out/>
</testsuite> <!-- testpackage.TestVPN_top10domain2 -->
