<?xml version="1.0" encoding="UTF-8"?>
<!-- Generated by org.testng.reporters.JUnitReportReporter -->
<testsuite hostname="RishabhU-LAP" failures="0" tests="1" name="testpackage.VPN_top10domainTest" time="33.847" errors="0" timestamp="2022-04-21T11:56:51 IST" skipped="0">
  <testcase classname="testpackage.VPN_top10domainTest" name="vpnInit" time="33.847"/>
  <system-out/>
</testsuite> <!-- testpackage.VPN_top10domainTest -->
