<?xml version="1.0" encoding="UTF-8"?>
<!-- Generated by org.testng.reporters.JUnitReportReporter -->
<testsuite hostname="RishabhU-LAP" failures="0" tests="1" name="base.TestVPN_top10domain" time="269.061" errors="0" timestamp="2022-04-11T23:04:19 IST" skipped="0">
  <testcase classname="base.TestVPN_top10domain" name="vpnInit" time="269.061"/>
  <system-out/>
</testsuite> <!-- base.TestVPN_top10domain -->
