<?xml version="1.0" encoding="UTF-8"?>
<!-- Generated by org.testng.reporters.JUnitReportReporter -->
<testsuite hostname="RishabhU-LAP" failures="0" tests="1" name="testpackage.TestVPN_top10domain2" time="33.367" errors="0" timestamp="2022-04-21T11:56:51 IST" skipped="0">
  <testcase classname="testpackage.TestVPN_top10domain2" name="vpnInit" time="33.367"/>
  <system-out/>
</testsuite> <!-- testpackage.TestVPN_top10domain2 -->
