<?xml version="1.0" encoding="UTF-8"?>
<!-- Generated by org.testng.reporters.JUnitReportReporter -->
<testsuite hostname="RishabhU-LAP" failures="0" tests="1" name="base.Testing" time="0.011" errors="0" timestamp="2022-04-11T18:27:11 IST" skipped="0">
  <testcase classname="base.Testing" name="login" time="0.011"/>
  <system-out/>
</testsuite> <!-- base.Testing -->
